build/app/outputs/mapping/release/usage.txt
com.example.workapp.R$string
com.example.workapp.R$layout
com.example.workapp.R
com.example.workapp.R$id
com.example.workapp.R$attr
com.example.workapp.R$style
com.example.workapp.R$integer
com.example.workapp.R$dimen
com.example.workapp.R$mipmap
com.example.workapp.BuildConfig
com.example.workapp.R$drawable
com.example.workapp.R$styleable
com.example.workapp.R$color
...
kotlin.concurrent.TimersKt$timerTask$1
kotlin.ranges.UIntProgression$Companion
kotlin.collections.ArraysKt___ArraysKt$withIndex$7
kotlin.coroutines.intrinsics.IntrinsicsKt__IntrinsicsJvmKt
kotlin.collections.ArraysKt___ArraysJvmKt$asList$6
kotlin.collections.SetsKt__SetsKt
kotlin.UInt
kotlin.text.CharCategory
kotlin.io.FilesKt__FilePathComponentsKt
androidx.viewpager.widget.PagerTitleStrip
androidx.core.hardware.fingerprint.FingerprintManagerCompat$1
androidx.core.text.util.LinkifyCompat$LinkSpec
kotlin.text.RegexKt
androidx.core.graphics.PathUtils
androidx.core.app.NotificationCompat$WearableExtender
kotlin.collections.ArraysKt___ArraysKt$asSequence$$inlined$Sequence$5
kotlin.jvm.functions.Function19
androidx.annotation.BoolRes
kotlin.NumbersKt__NumbersKt
kotlin.Triple
androidx.lifecycle.AndroidViewModel
kotlin.collections.AbstractList
io.flutter.embedding.android.FlutterFragment$NewEngineFragmentBuilder
kotlin.coroutines.experimental.CombinedContext
io.flutter.plugin.common.PluginRegistry$PluginRegistrantCallback
androidx.loader.app.LoaderManagerImpl$LoaderViewModel
kotlin.collections.AbstractMutableSet
androidx.core.app.NotificationBuilderWithBuilderAccessor
androidx.core.view.accessibility.AccessibilityNodeInfoCompat$CollectionInfoCompat
org.jetbrains.annotations.Nls
kotlin.collections.IndexingIterable
androidx.viewpager.widget.ViewPager$3
io.flutter.app.FlutterActivityDelegate$1
androidx.core.app.FrameMetricsAggregator$FrameMetricsBaseImpl
kotlin.coroutines.experimental.SequenceBuilderKt__SequenceBuilderKt
androidx.annotation.FontRes
androidx.core.widget.AutoScrollHelper$ClampedScroller
kotlin.random.Random
kotlin.UnsafeLazyImpl
kotlin.jvm.internal.MutablePropertyReference1Impl
kotlin.sequences.SequencesKt___SequencesKt$minus$2$iterator$1
androidx.core.app.AppLaunchChecker
kotlin.comparisons.ReversedComparator
kotlin.io.FilesKt__FileReadWriteKt$readLines$1
androidx.core.view.ActionProvider
kotlin.UShort
io.flutter.plugin.common.PluginRegistry$ViewDestroyListener
kotlin.annotation.Retention
androidx.loader.content.ModernAsyncTask$3
kotlin.jvm.functions.Function7
kotlin.reflect.KProperty
kotlin.text.CharCategory$Companion$categoryMap$2
kotlin.coroutines.experimental.migration.ExperimentalContinuationInterceptorMigration
com.tekartik.sqflite.R$drawable
org.intellij.lang.annotations.RegExp
kotlin.native.concurrent.ThreadLocal
androidx.versionedparcelable.R
kotlin.text.Regex
androidx.core.app.NotificationManagerCompat
androidx.lifecycle.ClassesInfoCache$CallbackInfo:
    void <init>(java.util.Map)
    private static void invokeMethodsForEvent(java.util.List,androidx.lifecycle.LifecycleOwner,androidx.lifecycle.Lifecycle$Event,java.lang.Object)
    final java.util.Map mEventToHandlers
    final java.util.Map mHandlerToEvent
androidx.core.app.RemoteInput$Source
kotlin.sequences.MergingSequence$iterator$1
androidx.core.app.NotificationManagerCompat$CancelTask
kotlin.jvm.internal.MutablePropertyReference1
androidx.collection.ArraySet
androidx.core.text.util.LinkifyCompat$1
androidx.core.util.Pools
androidx.core.os.OperationCanceledException
androidx.annotation.MenuRes
androidx.fragment.app.FragmentManagerViewModel$1
androidx.savedstate.SavedStateRegistry:
    void <init>()
    public void registerSavedStateProvider(java.lang.String,androidx.savedstate.SavedStateRegistry$SavedStateProvider)
    public void unregisterSavedStateProvider(java.lang.String)
    public boolean isRestored()
    public void runOnNextRecreation(java.lang.Class)
    void performRestore(androidx.lifecycle.Lifecycle,android.os.Bundle)
    void performSave(android.os.Bundle)
    private androidx.arch.core.internal.SafeIterableMap mComponents
    private android.os.Bundle mRestoredState
    private boolean mRestored
    private androidx.savedstate.Recreator$SavedStateProvider mRecreatorProvider
    private static final java.lang.String SAVED_COMPONENTS_KEY